C51 COMPILER V9.01   _卸鲜奔_                                                              02/10/2015 00:09:54 PAGE 1   


C51 COMPILER V9.01, COMPILATION OF MODULE _卸鲜奔_
OBJECT MODULE PLACED IN 中断时间.OBJ
COMPILER INVOKED BY: D:\keil4\0000\C51\BIN\C51.EXE 中断时间.c BROWSE DEBUG OBJECTEXTEND

line level    source

   1          #include<reg51.h>
   2          #define uint unsigned int
   3          #define uchar unsigned char
   4          unsigned char code nnum[10]={0x3f,0x06,0x5b,0x4f,0x66,0x6d,0x7d,0x07,0x7f,0x6f};
   5          unsigned char code places[8]={0xfe,0xfd,0xfc,0xf7,0xef,0xdf,0xcf,0x7f};
   6          void itrpt();
   7          void ddisplay(unsigned int pl,unsigned int nu);
   8          uint t=0,sw=0;
   9           sbit p3=P3^3;
  10          
  11          uint pls=0,dnus[8]={0};
  12          void main()
  13          {
  14   1      
  15   1        itrpt();
  16   1        while(1)
  17   1        {
  18   2         p3=1;
  19   2         p3=0;
  20   2        
  21   2        
  22   2         ddisplay(0,3);
  23   2         
  24   2         /*
  25   2         t++;
  26   2         if(sw==1)
  27   2         while(1)
  28   2         for(pls=0;pls<8;pls++)
  29   2         {
  30   2         ddisplay(pls,dnus[pls]);
  31   2         }
  32   2         */
  33   2        }
  34   1         
  35   1         
  36   1         }
  37          void itrpt()
  38          {
  39   1       IT1=1;
  40   1       EX1=1;
  41   1       EA=1;
  42   1       PX1=1;
  43   1       
  44   1      }
  45          void inter1()interrupt 2
  46          {
  47   1          int m=500;
  48   1              while(m--)
  49   1          ddisplay(7,8);
  50   1              
  51   1        
  52   1       /*int i,nus[8];
  53   1       if(sw==0)
  54   1       {
  55   1         sw=1;
C51 COMPILER V9.01   _卸鲜奔_                                                              02/10/2015 00:09:54 PAGE 2   

  56   1         for(i=0;i<8;i++)
  57   1         {
  58   1          nus[i]=t%10;
  59   1          t=t/10;
  60   1         }
  61   1         for(i=7;i>=0;i--)
  62   1         {
  63   1          dnus[pls]=nus[i];
  64   1          pls++;
  65   1         }
  66   1         
  67   1       }
  68   1       */
  69   1        
  70   1        
  71   1      }
  72          
  73           void ddisplay(unsigned int pl,unsigned int nu)//动态显示dynamic
  74          {
  75   1          unsigned int tus;
  76   1              P2=places[pl];
  77   1              P0=nnum[nu];
  78   1              tus=100;
  79   1              while(tus--);//延时100us
  80   1              P0=0;//消隐
  81   1      }
  82          
  83          
  84          
  85          
  86          


MODULE INFORMATION:   STATIC OVERLAYABLE
   CODE SIZE        =    148    ----
   CONSTANT SIZE    =     18    ----
   XDATA SIZE       =   ----    ----
   PDATA SIZE       =   ----    ----
   DATA SIZE        =     22       2
   IDATA SIZE       =   ----    ----
   BIT SIZE         =   ----    ----
END OF MODULE INFORMATION.


C51 COMPILATION COMPLETE.  0 WARNING(S),  0 ERROR(S)
