C51 COMPILER V9.01   _态                                                                  01/29/2015 04:32:30 PAGE 1   


C51 COMPILER V9.01, COMPILATION OF MODULE _态
OBJECT MODULE PLACED IN 动态.OBJ
COMPILER INVOKED BY: D:\keil4\0000\C51\BIN\C51.EXE 动态.c BROWSE DEBUG OBJECTEXTEND

line level    source

   1          #include<reg51.h>
   2          unsigned char  num[10]={0x3f,0x06,0x5b,0x4f,0x66,0x6d,0x7d,0x07,0x7f,0x6f};
   3          unsigned char  np[8]={0x00,0x20,0x40,0x60,0x80,0xa0,0xc0,0xe0};
   4          void main()
   5          {
   6   1      unsigned int i;
   7   1      int j=0;
   8   1      int  k;
   9   1      int su=0;
  10   1      int s=0,ss=0;
  11   1      
  12   1      while(1)
  13   1      {   
  14   2              j++;
  15   2              s++;
  16   2              if(s==100)
  17   2              s=0,ss++;
  18   2              
  19   2              if(j==200)
  20   2            su++,j=0;
  21   2               if(su==10)
  22   2                  su=0;
  23   2                       if(ss==10)
  24   2                  ss=0;
  25   2          for(i=0;i<8;i++)//显数循环
  26   2          {
  27   3              P1=np[i];
  28   3              if(i==2)
  29   3              {
  30   4              P0=num[su];
  31   4              }
  32   3              if(i==6)
  33   3              P0=num[ss];
  34   3              k=100;
  35   3              while(k--);
  36   3              P0=0x00;
  37   3              }
  38   2      }
  39   1      }


MODULE INFORMATION:   STATIC OVERLAYABLE
   CODE SIZE        =    154    ----
   CONSTANT SIZE    =   ----    ----
   XDATA SIZE       =   ----    ----
   PDATA SIZE       =   ----    ----
   DATA SIZE        =     18       6
   IDATA SIZE       =   ----    ----
   BIT SIZE         =   ----    ----
END OF MODULE INFORMATION.


C51 COMPILATION COMPLETE.  0 WARNING(S),  0 ERROR(S)
