C51 COMPILER V9.01   LCD                                                                   05/26/2015 13:12:49 PAGE 1   


C51 COMPILER V9.01, COMPILATION OF MODULE LCD
OBJECT MODULE PLACED IN lcd.OBJ
COMPILER INVOKED BY: D:\keil4\0000\C51\BIN\C51.EXE lcd.c BROWSE DEBUG OBJECTEXTEND

line level    source

   1          #include "lcd.h"
   2          
   3          
   4          
   5          void lcd_init()
   6          {
   7   1        wdir(0x38);//显示模式
   8   1        wdir(0x0c);//显示开关及光标
   9   1        wdir(0x01);//清屏
  10   1        wdir(0x06);//光标屏幕是否移动
  11   1        wdir(0x80);//初始光标化位置
  12   1      }
  13          
  14          //void lcd_custom(uchar num,uchar *word)//显示自定义字   word为第num个字
  15          //{
  16          //   uchar i,temp;
  17          //   num=num*8;
  18          //   for(i=0;i<8;i++)
  19          //   {
  20          //   temp=0x40+i+num;
  21          //   wdir(temp);
  22          //   wdat(word[i]);
  23          //       
  24          //   }
  25          //}
  26          
  27          void wdat(uchar dat)//写数据
  28          {
  29   1        en=0;
  30   1        rw=0;
  31   1        rs=1;
  32   1        P0=dat;
  33   1        en=1;
  34   1        delay10ms();
  35   1        en=0;
  36   1        
  37   1      }
  38          
  39          void wdir(uchar dir)//写命令
  40          {
  41   1        en=0;
  42   1        rw=0;
  43   1        rs=0;
  44   1        P0=dir;
  45   1        en=1;
  46   1        delay10ms();
  47   1        en=0;
  48   1        
  49   1      }
  50          
  51          void posi(uchar line,uchar x)//选坐标
  52          { 
  53   1        x--;
  54   1        if(line==1) wdir(0x80+x);
  55   1        if(line==2) wdir(0xc0+x);
C51 COMPILER V9.01   LCD                                                                   05/26/2015 13:12:49 PAGE 2   

  56   1        
  57   1      }
  58          
  59          //void lcd_str(char *ch)
  60          //{
  61          //while(*ch)     wdat(*(ch++));
  62          //}
  63          


MODULE INFORMATION:   STATIC OVERLAYABLE
   CODE SIZE        =     90    ----
   CONSTANT SIZE    =   ----    ----
   XDATA SIZE       =   ----    ----
   PDATA SIZE       =   ----    ----
   DATA SIZE        =   ----       2
   IDATA SIZE       =   ----    ----
   BIT SIZE         =   ----    ----
END OF MODULE INFORMATION.


C51 COMPILATION COMPLETE.  0 WARNING(S),  0 ERROR(S)
