C51 COMPILER V9.01   USART                                                                 05/26/2015 13:12:50 PAGE 1   


C51 COMPILER V9.01, COMPILATION OF MODULE USART
OBJECT MODULE PLACED IN usart.OBJ
COMPILER INVOKED BY: D:\keil4\0000\C51\BIN\C51.EXE usart.c BROWSE DEBUG OBJECTEXTEND

line level    source

   1          #include "usart.h"
   2          
   3          
   4          unsigned char receiveData;
   5          
   6          void UsartConfiguration()
   7          {
   8   1              SCON=0X50;                      //设置为工作方式1
   9   1              TMOD=0X20;                      //设置计数器工作方式2
  10   1              PCON=0X80;                      //波特率加倍
  11   1              TH1=0XF3;                               //计数器初始值设置，注意波特率是4800的
  12   1              TL1=0XF3;
  13   1              ES=1;                                           //打开接收中断
  14   1              EA=1;                                           //打开总中断
  15   1              TR1=1;                                  //打开计数器
  16   1      }
  17          
  18          
  19          void Usart() interrupt 4
  20          {
  21   1      
  22   1      
  23   1              receiveData=SBUF;//出去接收到的数据
  24   1              RI = 0;//清除接收中断标志位
  25   1              SBUF=receiveData;//将接收到的数据放入到发送寄存器
  26   1              while(!TI);                      //等待发送数据完成
  27   1              TI=0;                                            //清除发送完成标志位
  28   1      }


MODULE INFORMATION:   STATIC OVERLAYABLE
   CODE SIZE        =     36    ----
   CONSTANT SIZE    =   ----    ----
   XDATA SIZE       =   ----    ----
   PDATA SIZE       =   ----    ----
   DATA SIZE        =      1    ----
   IDATA SIZE       =   ----    ----
   BIT SIZE         =   ----    ----
END OF MODULE INFORMATION.


C51 COMPILATION COMPLETE.  0 WARNING(S),  0 ERROR(S)
