C51 COMPILER V9.01   MAIN                                                                  05/26/2015 15:00:21 PAGE 1   


C51 COMPILER V9.01, COMPILATION OF MODULE MAIN
OBJECT MODULE PLACED IN .\OBJ\main.obj
COMPILER INVOKED BY: D:\keil4\0000\C51\BIN\C51.EXE USER\main.c BROWSE INCDIR(.\Head_File) DEBUG OBJECTEXTEND PRINT(.\mai
                    -n.lst) OBJECT(.\OBJ\main.obj)

line level    source

   1          #include "main.h"
   2          
   3          
   4                   
   5          
   6          
   7          
   8          int main()
   9          {
  10   1              Usart_init();uart_tag=0;
  11   1              lcd_init();
  12   1              posi(1,1);
  13   1              lcd_str("Linking...");
  14   1              uart_send_str("Linking...");
  15   1              while(1)
  16   1              {
  17   2              
  18   2              //«Â∆¡÷∏¡Ó  :CLS
  19   2              if(receiveData[0]==':'&&receiveData[1]=='C'&&receiveData[2]=='L'&&receiveData[3]=='S')
  20   2              {
  21   3              posi(2,1); 
  22   3              lcd_str("                     ");
  23   3              uart_tag=0;  
  24   3              receiveData[0]=';';
  25   3              uart_tag=0;
  26   3              }       
  27   2              else
  28   2              {
  29   3              posi(2,1);
  30   3          lcd_str(receiveData);
  31   3              uart_tag=0;
  32   3              }
  33   2      
  34   2      
  35   2              
  36   2              
  37   2              }
  38   1              
  39   1      }
  40          
  41          
  42          


MODULE INFORMATION:   STATIC OVERLAYABLE
   CODE SIZE        =    103    ----
   CONSTANT SIZE    =     33    ----
   XDATA SIZE       =   ----    ----
   PDATA SIZE       =   ----    ----
   DATA SIZE        =   ----    ----
   IDATA SIZE       =   ----    ----
   BIT SIZE         =   ----    ----
END OF MODULE INFORMATION.


C51 COMPILATION COMPLETE.  0 WARNING(S),  0 ERROR(S)
