C51 COMPILER V9.01   UART                                                                  05/26/2015 15:00:22 PAGE 1   


C51 COMPILER V9.01, COMPILATION OF MODULE UART
OBJECT MODULE PLACED IN .\OBJ\uart.obj
COMPILER INVOKED BY: D:\keil4\0000\C51\BIN\C51.EXE USER\uart.c BROWSE INCDIR(.\Head_File) DEBUG OBJECTEXTEND PRINT(.\uar
                    -t.lst) OBJECT(.\OBJ\uart.obj)

line level    source

   1          #include "uart.h"
   2          
   3          unsigned char uart_tag; 
   4          unsigned char receiveData[20];
   5                   
   6                   
   7          void Usart_init()
   8          {
   9   1              SCON=0X50;                      //设置为工作方式1
  10   1              TMOD=0X20;                      //设置计数器工作方式2
  11   1              PCON=0X80;                      //波特率加倍
  12   1              TH1=0xF3;                               //计数器初始值设置，注意波特率是4800的
  13   1              TL1=0XF3;
  14   1              ES=1;                                           //打开接收中断
  15   1              EA=1;                                           //打开总中断
  16   1              TR1=1;                                  //打开计数器
  17   1         
  18   1      }
  19          
  20          
  21          void uart_send(unsigned char ch)
  22          {
  23   1      
  24   1              SBUF=ch;//将接收到的数据放入到发送寄存器
  25   1          while(!TI);                  //等待发送数据完成
  26   1              TI=0;            //清除发送完成标志位
  27   1              
  28   1      }
  29          
  30          void uart_send_str(unsigned char *str)
  31          {
  32   1              while(*str)     
  33   1              {
  34   2      
  35   2              uart_send(*(str++));
  36   2              
  37   2              }
  38   1              
  39   1      }
  40          
  41          
  42          
  43          void Usart() interrupt 4
  44          {
  45   1              
  46   1          RI = 0;//清除接收中断标志位
  47   1              receiveData[uart_tag++]=SBUF;//出去接收到的数据
  48   1      
  49   1      }
  50          
  51          
  52          
  53          

C51 COMPILER V9.01   UART                                                                  05/26/2015 15:00:22 PAGE 2   


MODULE INFORMATION:   STATIC OVERLAYABLE
   CODE SIZE        =     99    ----
   CONSTANT SIZE    =   ----    ----
   XDATA SIZE       =   ----    ----
   PDATA SIZE       =   ----    ----
   DATA SIZE        =     21       3
   IDATA SIZE       =   ----    ----
   BIT SIZE         =   ----    ----
END OF MODULE INFORMATION.


C51 COMPILATION COMPLETE.  0 WARNING(S),  0 ERROR(S)
