C51 COMPILER V9.01   四向                                                                  03/22/2015 14:17:41 PAGE 1   


C51 COMPILER V9.01, COMPILATION OF MODULE 四向
OBJECT MODULE PLACED IN 四向.OBJ
COMPILER INVOKED BY: D:\keil4\0000\C51\BIN\C51.EXE 四向.c LARGE BROWSE DEBUG OBJECTEXTEND

line level    source

   1          #include<reg51.h>
   2          #include<zi.h>
   3          #include<led_move.h>
   4          
   5          void main()
   6          {
   7   1      
   8   1        while(1)
   9   1        {
  10   2          
  11   2          leftch();
  12   2              downch();
  13   2          leftch(); 
  14   2              downch();
  15   2              upch();
  16   2              rightch();
  17   2              upch();
  18   2              downch();
  19   2        
  20   2         
  21   2        }
  22   1      }
  23          
  24          


MODULE INFORMATION:   STATIC OVERLAYABLE
   CODE SIZE        =   1482    ----
   CONSTANT SIZE    =    320    ----
   XDATA SIZE       =     12      24
   PDATA SIZE       =   ----    ----
   DATA SIZE        =   ----    ----
   IDATA SIZE       =   ----    ----
   BIT SIZE         =   ----    ----
END OF MODULE INFORMATION.


C51 COMPILATION COMPLETE.  0 WARNING(S),  0 ERROR(S)
