C51 COMPILER V9.01   COM                                                                   03/22/2015 17:52:38 PAGE 1   


C51 COMPILER V9.01, COMPILATION OF MODULE COM
OBJECT MODULE PLACED IN com.OBJ
COMPILER INVOKED BY: D:\keil4\0000\C51\BIN\C51.EXE com.c LARGE BROWSE DEBUG OBJECTEXTEND

line level    source

   1          //公用程序
   2          #ifndef uchar
   3          #define uchar unsigned char 
   4          #endif
   5          
   6          #ifndef uint
   7          #define uint unsigned int
   8          #endif
   9          //延时
  10          void delay1ms();
  11          void delay500us();
  12          void delay6ms();
  13          
  14          void delay6ms()
  15          {
  16   1          unsigned char a,b;
  17   1          for(b=40;b>0;b--)
  18   1              for(a=73;a>0;a--);
  19   1      }
  20          
  21          
  22          
  23          
  24          void delay1ms()
  25          {
  26   1         uchar a,b;
  27   1          for(b=198;b>0;b--)
  28   1             for(a=1;a>0;a--);
  29   1      }
  30          
  31          
  32          void delay500us() 
  33          {
  34   1          uchar a,b;
  35   1          for(b=29;b>0;b--)
  36   1              for(a=7;a>0;a--);
  37   1      }
  38          
  39          
  40          


MODULE INFORMATION:   STATIC OVERLAYABLE
   CODE SIZE        =     27    ----
   CONSTANT SIZE    =   ----    ----
   XDATA SIZE       =   ----    ----
   PDATA SIZE       =   ----    ----
   DATA SIZE        =   ----    ----
   IDATA SIZE       =   ----    ----
   BIT SIZE         =   ----    ----
END OF MODULE INFORMATION.


C51 COMPILATION COMPLETE.  0 WARNING(S),  0 ERROR(S)
