C51 COMPILER V9.01   ≤_ ‘                                                                  03/22/2015 17:52:38 PAGE 1   


C51 COMPILER V9.01, COMPILATION OF MODULE ≤_ ‘
OBJECT MODULE PLACED IN ≤‚ ‘.OBJ
COMPILER INVOKED BY: D:\keil4\0000\C51\BIN\C51.EXE ≤‚ ‘.c LARGE BROWSE DEBUG OBJECTEXTEND

line level    source

   1          #include<reg51.h>
   2          
   3          //∫ÏÕ‚œﬂ
   4          #ifndef uchar
   5          #define uchar unsigned char 
   6          #endif
   7          
   8          #ifndef uint
   9          #define uint unsigned int
  10          #endif
  11          
  12          void delay1ms();
  13          void delay500us();
  14          void delay6ms();
  15          
  16          sbit inf=P3^2; 
  17          
  18          void inter_init();
  19          
  20          
  21          
  22          void inter_init()
  23          {
  24   1       EX0=1;
  25   1       IT0=1;
  26   1       EA=1;
  27   1        
  28   1      }
  29          
  30          void infrared()interrupt 0
  31          { 
  32   1       uchar AGC=0,STA=0;
  33   1        uint i,j,k,a=0;
  34   1         delay6ms();
  35   1         if(inf==0) AGC=1;
  36   1         delay6ms();
  37   1         if(inf==1) STA=1;
  38   1         if(AGC==1&&STA==1)
  39   1         {
  40   2          while(inf==1&&a<1000) a++;//ºÏ≤‚ ˝æ› «∑Ò ˝æ›Œª£¨a”√¿¥∑¿÷πÀ¿ª˙
  41   2              if(a==1000) ;
  42   2              
  43   2         
  44   2         }
  45   1        
  46   1        
  47   1      }
*** WARNING C280 IN LINE 33 OF ≤‚ ‘.C: 'i': unreferenced local variable
*** WARNING C280 IN LINE 33 OF ≤‚ ‘.C: 'j': unreferenced local variable
*** WARNING C280 IN LINE 33 OF ≤‚ ‘.C: 'k': unreferenced local variable
  48          
  49          
  50          void delay6ms()
  51          {
  52   1          unsigned char a,b;
C51 COMPILER V9.01   ≤_ ‘                                                                  03/22/2015 17:52:38 PAGE 2   

  53   1          for(b=40;b>0;b--)
  54   1              for(a=73;a>0;a--);
  55   1      }
  56          
  57          
  58          
  59          
  60          void delay1ms()
  61          {
  62   1         uchar a,b;
  63   1          for(b=198;b>0;b--)
  64   1             for(a=1;a>0;a--);
  65   1      }
  66          
  67          
  68          void delay500us() 
  69          {
  70   1          uchar a,b;
  71   1          for(b=29;b>0;b--)
  72   1              for(a=7;a>0;a--);
  73   1      }
  74          
  75          
  76          
  77          
  78          void main()
  79          {
  80   1      
  81   1      
  82   1      
  83   1      }


MODULE INFORMATION:   STATIC OVERLAYABLE
   CODE SIZE        =    172    ----
   CONSTANT SIZE    =   ----    ----
   XDATA SIZE       =   ----      10
   PDATA SIZE       =   ----    ----
   DATA SIZE        =   ----    ----
   IDATA SIZE       =   ----    ----
   BIT SIZE         =   ----    ----
END OF MODULE INFORMATION.


C51 COMPILATION COMPLETE.  3 WARNING(S),  0 ERROR(S)
