C51 COMPILER V9.01   完美_静态                                                            03/15/2015 15:37:06 PAGE 1   


C51 COMPILER V9.01, COMPILATION OF MODULE 完美_静态
OBJECT MODULE PLACED IN 完美动静态.OBJ
COMPILER INVOKED BY: D:\keil4\0000\C51\BIN\C51.EXE 完美动静态.c BROWSE DEBUG OBJECTEXTEND

line level    source

   1          #include<reg51.h>
   2          #define uint unsigned int
   3          #define uchar unsigned char
   4          unsigned char code nnum[10]={0x3f,0x06,0x5b,0x4f,0x66,
   5                                       0x6d,0x7d,0x07,0x7f,0x6f};
   6          unsigned char code pnum[10]={0xc0,0xf9,0xa4,0xb0,0x99,
   7                                       0x92,0x82,0xf8,0x80,0x90};
   8          sbit voice=P1^4;
   9          sbit LSA=P1^5;
  10          sbit LSB=P1^6;
  11          sbit LSC=P1^7;
  12          sbit key1=P2^1;
  13          sbit key2=P2^0;
  14          sbit key8=P2^2;
  15          sbit spot=P0^7;
  16          void music(unsigned char h);
  17          void ddisplay(unsigned int ddi,unsigned int i);
  18          void sdisplay(unsigned int sdi);
  19          void key();
  20          char sw=0;
  21          char reset=0;
  22          
  23          void main()
  24          {
  25   1      
  26   1          uint tms=0,ts=0,tm=0,th=0,td=0;//此处tms为100ms
  27   1              uint dtms=0,dts1=0,dtm1=0,dth1=0,dtd1=0;//低位
  28   1              uint dts2=0,dtm2=0,dth2=0,dtd2=0;//高位
  29   1              uint di[8],i;
  30   1      while(1)
  31   1      {
  32   2           
  33   2               key();
  34   2               if(reset==1)//复位
  35   2               {
  36   3               reset=0;
  37   3               tms=0,ts=0,tm=0,th=0,td=0;//复位时间
  38   3               di[1]=0;di[0]=0;//复位显示
  39   3               di[3]=0;di[2]=0;
  40   3               di[5]=0;di[4]=0;
  41   3               di[7]=0;di[6]=0;dtms=0;
  42   3               }
  43   2               //时间模拟
  44   2               if(sw==1)
  45   2               {
  46   3               tms++;
  47   3               if(tms==138) ts++,tms=0;
  48   3               if(ts==60) tm++,ts=0;
  49   3               if(tm==60) th++,tm=0;
  50   3               if(th==24) td++,th=0;
  51   3               }
  52   2               //数据处理
  53   2               /*低位处理*/
  54   2               dts1=ts%10;
  55   2               dtm1=tm%10;
C51 COMPILER V9.01   完美_静态                                                            03/15/2015 15:37:06 PAGE 2   

  56   2               dth1=th%10;
  57   2               dtd1=td%10;
  58   2               /*高位处理*/
  59   2               dts2=ts/10;
  60   2               dtm2=tm/10;
  61   2               dth2=th/10;
  62   2               dtd2=td/10;
  63   2               dtms=tms/20;
  64   2              //数据传递 
  65   2               di[1]=dtd1;di[0]=dtd2;
  66   2               di[3]=dth1;di[2]=dth2;
  67   2               di[5]=dtm1;di[4]=dtm2;
  68   2               di[7]=dts1;di[6]=dts2;  
  69   2              //显示输出
  70   2              for(i=0;i<8;i++)//动态  
  71   2              ddisplay(di[i],i);
  72   2         
  73   2               
  74   2      }
  75   1          
  76   1      }
  77          void ddisplay(unsigned int ddi,unsigned int i)//动态显示dynamic
  78          {
  79   1      
  80   1              unsigned int j;
  81   1              
  82   1              
  83   1                      switch(i)        //位选，选择点亮的数码管，
  84   1                      {
  85   2                              case(0):
  86   2                                      LSA=0;LSB=0;LSC=0; break;//显示第0位
  87   2                              case(1):
  88   2                                      LSA=1;LSB=0;LSC=0; break;//显示第1位
  89   2                              case(2):
  90   2                                      LSA=0;LSB=1;LSC=0; break;//显示第2位
  91   2                              case(3):
  92   2                                      LSA=1;LSB=1;LSC=0; break;//显示第3位
  93   2                              case(4):
  94   2                                      LSA=0;LSB=0;LSC=1; break;//显示第4位
  95   2                              case(5):
  96   2                                      LSA=1;LSB=0;LSC=1; break;//显示第5位
  97   2                              case(6):
  98   2                                      LSA=0;LSB=1;LSC=1; break;//显示第6位
  99   2                              case(7):
 100   2                                      LSA=1;LSB=1;LSC=1; break;//显示第7位    
 101   2                      }
 102   1              
 103   1                      if((i==1||i==3||i==5||i==7)||(ddi!=0))
 104   1                      {
 105   2                       P0=nnum[ddi];//发送段码
 106   2                      }
 107   1                      if(i==1||i==3||i==5||i==7)
 108   1                      spot=1;
 109   1                      j=100;                                           //扫描间隔时间设定
 110   1                      while(j--);     
 111   1                      P0=0x00;//消隐
 112   1              
 113   1      
 114   1      }
 115          void key()//按键
 116          {
 117   1         uint re,mu,mus;
C51 COMPILER V9.01   完美_静态                                                            03/15/2015 15:37:06 PAGE 3   

 118   1      //复位
 119   1         if(key8==0)
 120   1         {
 121   2         re=10000;
 122   2         while(re--);
 123   2          if(key8==0)
 124   2          {
 125   3              sw=0;
 126   3          reset=1;
 127   3              for(mus=0;mus<2;mus++)
 128   3              for(mu=7+mus;mu<9+mus;mu++)     
 129   3              music(mu); 
 130   3      
 131   3          }
 132   2        
 133   2         }
 134   1      //开始 
 135   1         if(sw==0)
 136   1         if(key1==0)
 137   1         {  
 138   2             re=10000;
 139   2             while(re--);
 140   2                 
 141   2             if(key1==0)
 142   2                 {
 143   3                 music(4);
 144   3                 music(5);
 145   3                 sw=1;
 146   3                  
 147   3                 }
 148   2         }
 149   1       
 150   1      //结束
 151   1         if(sw==1)
 152   1         if(key2==0)
 153   1         {  
 154   2             re=10000;
 155   2             while(re--);
 156   2             if(key2==0)
 157   2                 {
 158   3                 sw=0;
 159   3                 music(6);
 160   3                 music(7);
 161   3                 music(6);
 162   3                
 163   3                 }
 164   2         }
 165   1         
 166   1         
 167   1         
 168   1      }
 169                  
 170          
 171          
 172          void music(unsigned char h)
 173           {
 174   1       int mu,del;
 175   1       for(mu=0;mu<80;mu++)
 176   1         {
 177   2         del=45*h;
 178   2          while(del--);
 179   2         voice=0;
C51 COMPILER V9.01   完美_静态                                                            03/15/2015 15:37:06 PAGE 4   

 180   2          del=5*h;
 181   2          while(del--);
 182   2         voice=1; 
 183   2         }  
 184   1       }
 185          


MODULE INFORMATION:   STATIC OVERLAYABLE
   CODE SIZE        =    868    ----
   CONSTANT SIZE    =     20    ----
   XDATA SIZE       =   ----    ----
   PDATA SIZE       =   ----    ----
   DATA SIZE        =      2      54
   IDATA SIZE       =   ----    ----
   BIT SIZE         =   ----    ----
END OF MODULE INFORMATION.


C51 COMPILATION COMPLETE.  0 WARNING(S),  0 ERROR(S)
