C51 COMPILER V9.01   1                                                                     04/14/2015 21:19:58 PAGE 1   


C51 COMPILER V9.01, COMPILATION OF MODULE 1
OBJECT MODULE PLACED IN 1.OBJ
COMPILER INVOKED BY: D:\keil4\0000\C51\BIN\C51.EXE 1.c LARGE BROWSE DEBUG OBJECTEXTEND TABS(2)

line level    source

   1          #include"com.h"
   2          
   3          
   4          
   5          int main()
   6          {
   7   1        //初始化红外线及LCD
   8   1        inf_init();
   9   1        lcd_init();  
  10   1        //存入自定义字符        
  11   1        lcd_custom(0,zi_circle);lcd_custom(1,zi_1);
  12   1        lcd_custom(2,zi_2);lcd_custom(3,zi_up);
  13   1        lcd_custom(4,zi_down);lcd_custom(5,zi_all);
  14   1        
  15   1        
  16   1        
  17   1      while(1)
  18   1      {
  19   2        temper_simu();
  20   2        
  21   2        ds_lcd();//显示实时时间
  22   2      
  23   2         ds_lcd();//显示实时时间
  24   2         ds_lcd01();//显示模式一的符号
  25   2         ds_lcd_temper1();//显示实时温度
  26   2      
  27   2        
  28   2        
  29   2        
  30   2      } 
  31   1      }


MODULE INFORMATION:   STATIC OVERLAYABLE
   CODE SIZE        =   2222    ----
   CONSTANT SIZE    =     48    ----
   XDATA SIZE       =    226      11
   PDATA SIZE       =   ----    ----
   DATA SIZE        =   ----    ----
   IDATA SIZE       =   ----    ----
   BIT SIZE         =   ----    ----
END OF MODULE INFORMATION.


C51 COMPILATION COMPLETE.  0 WARNING(S),  0 ERROR(S)
