C51 COMPILER V9.01   _度                                                                  05/09/2015 14:17:56 PAGE 1   


C51 COMPILER V9.01, COMPILATION OF MODULE _度
OBJECT MODULE PLACED IN 温度.OBJ
COMPILER INVOKED BY: D:\keil4\0000\C51\BIN\C51.EXE 温度.c LARGE BROWSE DEBUG OBJECTEXTEND TABS(2)

line level    source

   1          #include"com.h"
   2          
   3          void main()
   4          {
   5   1      
   6   1        //ds_write_main(); //调时间
   7   1      
   8   1        //初始化红外线、LCD及兼容赵驰的程序
   9   1        zhaochi_main(); 
  10   1        inf_init();//红外线的初始化  
  11   1        lcd_init(); //LCD的初始化  
  12   1        
  13   1        //存入自定义字符        
  14   1        lcd_custom(0,zi_circle);lcd_custom(1,zi_1);
  15   1        lcd_custom(2,zi_2);lcd_custom(3,zi_up);
  16   1        lcd_custom(4,zi_down);lcd_custom(5,zi_all);
  17   1        lcd_custom(7,zi_10);//百位
  18   1        
  19   1        //开机音乐
  20   1        temper_alarm(3);
  21   1        temper_alarm(1);
  22   1        temper_alarm(2);
  23   1        
  24   1      while(1)
  25   1      {
  26   2         zhaochi_main();//兼容温度模块 
  27   2         key_board();//键盘 
  28   2           light();//灯光系统 
  29   2         error_start();//判断开机时的不稳定事件，并恢复至可接受范围
  30   2         ds_read_main();//读取实时时间
  31   2         key_board();
  32   2         temper_warn();//警报系统
  33   2         inf_tag=0;//重置标志
  34   2         key_board();
  35   2         
  36   2         
  37   2         if(temper_mode==1)//显示模式1 
  38   2         {
  39   3         inf_tag=0;//重置标志，防止多次读入 
  40   3         ds_lcd();//显示实时时间
  41   3         key_board();
  42   3         ds_lcd01();//显示模式一的符号
  43   3         key_board();
  44   3         ds_lcd_temper1();//显示实时温度
  45   3        
  46   3         }
  47   2         
  48   2         key_board();
  49   2         if(temper_mode==2)//显示模式2 
  50   2         {
  51   3          inf_tag=0;
  52   3          ds_lcd02();
  53   3          key_board();
  54   3          ds_lcd_temper2();
  55   3          key_board();
C51 COMPILER V9.01   _度                                                                  05/09/2015 14:17:56 PAGE 2   

  56   3        
  57   3         }
  58   2        key_board();
  59   2         if(temper_mode==3)//显示模式3
  60   2         {
  61   3          inf_tag=0;
  62   3          ds_lcd03();
  63   3          key_board();
  64   3          posi(2,temper_posi);wdat(' ');
  65   3        
  66   3         }
  67   2         key_board();
  68   2         if(temper_auto_n==3) temper_auto_n=0;//防止重复写入同一组数据
  69   2         temper_auto();//自动存储系统
  70   2         key_board();
  71   2        
  72   2        
  73   2      } 
  74   1      }


MODULE INFORMATION:   STATIC OVERLAYABLE
   CODE SIZE        =   5778    ----
   CONSTANT SIZE    =     72    ----
   XDATA SIZE       =    264      24
   PDATA SIZE       =   ----    ----
   DATA SIZE        =   ----    ----
   IDATA SIZE       =   ----    ----
   BIT SIZE         =   ----    ----
END OF MODULE INFORMATION.


C51 COMPILATION COMPLETE.  0 WARNING(S),  0 ERROR(S)
