C51 COMPILER V9.01   2                                                                     04/15/2015 20:28:52 PAGE 1   


C51 COMPILER V9.01, COMPILATION OF MODULE 2
OBJECT MODULE PLACED IN 2.OBJ
COMPILER INVOKED BY: D:\keil4\0000\C51\BIN\C51.EXE 2.c LARGE BROWSE DEBUG OBJECTEXTEND TABS(2)

line level    source

   1          #include"com.h"
   2          //红外线
   3          uchar word[]="Input zhe buttons"; 
   4          uchar word1[]="The dir";
   5          
   6          
   7          void main()
   8          { 
   9   1        uchar wor=0;
  10   1      
  11   1        inter_init();
  12   1        lcd_init();
  13   1        inf_dat[2]=0;
  14   1        while(word[wor])
  15   1        {
  16   2        wdat(word[wor]);
  17   2        wor++;
  18   2        }
  19   1        
  20   1        posi(2,1); wor=0;
  21   1         while(word1[wor])
  22   1        {
  23   2        wdat(word1[wor]);
  24   2        wor++;
  25   2        }
  26   1         
  27   1         
  28   1        while(1)
  29   1        {   
  30   2         delay200ms();
  31   2         posi(2,9);
  32   2         wdat(inf_sure);
  33   2         //用来调试找错
  34   2         /* 
  35   2         posi(2,10);
  36   2         wdat(0x30+sure);
  37   2         posi(2,13);
  38   2         for(i=0;i<3;i++)
  39   2         wdat(0x30+ero[i]);
  40   2         */
  41   2         }
  42   1      }
  43                  
  44          
  45          


MODULE INFORMATION:   STATIC OVERLAYABLE
   CODE SIZE        =    510    ----
   CONSTANT SIZE    =   ----    ----
   XDATA SIZE       =     31       6
   PDATA SIZE       =   ----    ----
   DATA SIZE        =   ----    ----
   IDATA SIZE       =   ----    ----
   BIT SIZE         =   ----    ----
C51 COMPILER V9.01   2                                                                     04/15/2015 20:28:52 PAGE 2   

END OF MODULE INFORMATION.


C51 COMPILATION COMPLETE.  0 WARNING(S),  0 ERROR(S)
