C51 COMPILER V9.01   LCD                                                                   03/22/2015 20:43:16 PAGE 1   


C51 COMPILER V9.01, COMPILATION OF MODULE LCD
OBJECT MODULE PLACED IN lcd.OBJ
COMPILER INVOKED BY: D:\keil4\0000\C51\BIN\C51.EXE lcd.c LARGE BROWSE DEBUG OBJECTEXTEND

line level    source

   1          //LCDœ‘ æ
   2          sbit en=P2^7;
*** ERROR C202 IN LINE 2 OF LCD.C: 'P2': undefined identifier
   3          sbit rs=P2^6;
*** ERROR C202 IN LINE 3 OF LCD.C: 'P2': undefined identifier
   4          sbit rw=P2^5;
*** ERROR C202 IN LINE 4 OF LCD.C: 'P2': undefined identifier
   5          void wdat(uchar dat);
*** ERROR C141 IN LINE 5 OF LCD.C: syntax error near 'dat', expected ')'
   6          void wdir(uchar dir);
*** ERROR C141 IN LINE 6 OF LCD.C: syntax error near 'dir', expected ')'
   7          void lcd_init();
   8          
   9          void lcd_init()
  10          {
  11   1        wdir(0x38);
  12   1        wdir(0x0c);
  13   1        wdir(0x01);
  14   1        wdir(0x06);
  15   1        wdir(0x80);
  16   1      }
  17          
  18          void wdat(uchar dat)
*** ERROR C141 IN LINE 18 OF LCD.C: syntax error near 'dat', expected ')'
  19          {
  20   1        en=0;
*** ERROR C202 IN LINE 20 OF LCD.C: 'en': undefined identifier
  21   1        rw=0;
*** ERROR C202 IN LINE 21 OF LCD.C: 'rw': undefined identifier
  22   1        rs=1;
*** ERROR C202 IN LINE 22 OF LCD.C: 'rs': undefined identifier
  23   1        P0=dat;
*** ERROR C202 IN LINE 23 OF LCD.C: 'P0': undefined identifier
  24   1        en=1;
*** ERROR C202 IN LINE 24 OF LCD.C: 'en': undefined identifier
  25   1        en=0;
*** ERROR C202 IN LINE 25 OF LCD.C: 'en': undefined identifier
  26   1        delay100us();
  27   1      }
  28          
  29          void wdir(uchar dir)
  30          {
  31   1        en=0;
  32   1        rw=0;
  33   1        rs=0;
  34   1        P0=dir;
  35   1        en=1;
  36   1        en=0;
  37   1        delay100us();
  38   1      }
  39          
  40          void posi(uchar line,uchar x)
  41          { 
  42   1        x--;
  43   1        if(line==1) wdir(0x80+x);
C51 COMPILER V9.01   LCD                                                                   03/22/2015 20:43:16 PAGE 2   

  44   1        if(line==2) wdir(0xc0+x);
  45   1        
  46   1      }
  47          

C51 COMPILATION COMPLETE.  0 WARNING(S),  12 ERROR(S)
