C51 COMPILER V9.01   Ç§±¾Ó£                                                                03/20/2015 16:01:43 PAGE 1   


C51 COMPILER V9.01, COMPILATION OF MODULE Ç§±¾Ó£
OBJECT MODULE PLACED IN Ç§±¾Ó£.OBJ
COMPILER INVOKED BY: D:\keil4\0000\C51\BIN\C51.EXE Ç§±¾Ó£.c BROWSE DEBUG OBJECTEXTEND

line level    source

   1          
   2          #include <reg51.h>
   3          #define uint unsigned int
   4          #define uchar unsigned char
   5          sbit voice=P1^4;
   6          uchar code sound[]={0xff,
   7                              0x55,0x10,0x55,0x10,0x55,0x10,0x60,0x10,0x55,0x10,0x48,0x10,0x48,0x10,
   8                              0x40,0x10,0x55,0x10,0x55,0x10,0x60,0x10,0x55,0x10,0x60,0x10,0x60,0x10,
   9                              0xff,0x10,0x55,0x10,0x55,0x10,0x60,0x10,0x55,0x10,0x48,0x10,0x40,0x10,
  10                              0x39,0x10,0xff,0x10,0x39,0x10,0x40,0x10,0x39,0x10,0x40,0x10,0x48,0x10,
  11                              0x55,0x10,0xff,0x10,0x55,0x10,0x55,0x10,0x60,0x10,0x55,0x10,0x48,0x10,
  12                              0x48,0x10,0x40,0x10,0xff,0x10,0x55,0x10,0x55,0x10,0x60,0x10,0x55,0x10,
  13                              0x60,0x10,0x60,0x10,0xff,0x10,0x55,0x10,0x55,0x10,0x60,0x10,0x55,0x10,
  14                              0x48,0x10,0x48,0x10,0x40,0x10,0xff,0x10,0x39,0x10,0x40,0x10,0x39,0x10,
  15                              0x40,0x10,0x48,0x10,0x55,0x10,0xff,0x10,0x48,0x10,0x4c,0x10,0x55,0x10,
  16                              0x60,0x10,0x60,0x10,0x60,0x10,0x55,0x10,0xff,0x10,0x60,0x10,0x55,0x10,
  17                              0x40,0x10,0x4c,0x10,0x48,0x10,0x48,0x10,0x4c,0x10,0x55,0x10,0x60,0x10,
  18                              0xff,0x10,0x00,
  19                             };
  20          uchar zdjs=0, jp;
  21          del(yj);
  22          void main(void)
  23            {
  24   1            uint dpjs=0;
  25   1            uchar yj;
  26   1            TMOD=0x01,IE=0x82;
  27   1            TH0=0xd8, TL0=0xef;
  28   1         TR0=1;
  29   1      while(1)
  30   1         {  
  31   2            zdjs=0;
  32   2            dpjs++; yj=sound[dpjs]; 
  33   2           dpjs++; jp=sound[dpjs];
  34   2         while(zdjs!=jp)
  35   2             { 
  36   3            if(yj!=0xff)
  37   3         {
  38   4                   if(yj!=0)
  39   4                     {
  40   5                   voice=!voice;
  41   5                       del(yj);
  42   5                      }
  43   4                      else
  44   4                {
  45   5                dpjs=0; 
  46   5                            break;
  47   5                           }
  48   4          }
  49   3          else
  50   3            {
  51   4              voice=0;
  52   4                       del(jp);
  53   4          }
  54   3            }
  55   2             }
C51 COMPILER V9.01   Ç§±¾Ó£                                                                03/20/2015 16:01:43 PAGE 2   

  56   1         }
  57          time0() interrupt 1  using 1
  58                {
  59   1               TH0=0xd8, TL0=0xef;
  60   1               zdjs++;
  61   1                 }
  62          del(yj)
  63              {
  64   1            uchar yj2=2;
  65   1             while(yj!=0)
  66   1               {      
  67   2                     while(yj2!=0)
  68   2                        {
  69   3                           yj2--;
  70   3                           }
  71   2                        yj2=2;
  72   2                   yj--;  
  73   2             }
  74   1         
  75   1           }
*** WARNING C290 IN LINE 75 OF Ç§±¾Ó£.C: missing return value


MODULE INFORMATION:   STATIC OVERLAYABLE
   CODE SIZE        =    121    ----
   CONSTANT SIZE    =    158    ----
   XDATA SIZE       =   ----    ----
   PDATA SIZE       =   ----    ----
   DATA SIZE        =      2       3
   IDATA SIZE       =   ----    ----
   BIT SIZE         =   ----    ----
END OF MODULE INFORMATION.


C51 COMPILATION COMPLETE.  1 WARNING(S),  0 ERROR(S)
