C51 COMPILER V9.01   _态2                                                                 02/04/2015 16:14:51 PAGE 1   


C51 COMPILER V9.01, COMPILATION OF MODULE _态2
OBJECT MODULE PLACED IN 动态2.OBJ
COMPILER INVOKED BY: D:\keil4\0000\C51\BIN\C51.EXE 动态2.c BROWSE DEBUG OBJECTEXTEND

line level    source

   1          #include<reg51.h>
   2          #define uint unsigned int
   3          unsigned char code nnum[10]={0x3f,0x06,0x5b,0x4f,0x66,
   4                                                                   0x6d,0x7d,0x07,0x7f,0x6f};//共阴数
   5          unsigned char code po[8]={0xfe,0xfd,0xfb,0xf7,
   6                                                            0xef,0xdf,0xbf,0x7f};//选位
   7          void ddisplay(uint i,uint s);
   8          void delayus(uint tus);
   9          
  10          void main()
  11          {
  12   1      unsigned char i,rise=0,ir=0;
  13   1      unsigned int s[8],k=0;
  14   1      
  15   1       while(1)
  16   1       {
  17   2        k++;
  18   2        if(k==9000000) k=0;
  19   2        for(i=0;i<8;i++)
  20   2        {
  21   3         ir=(i+rise)%8;
  22   3         s[ir]=i+1;
  23   3        }
  24   2        if((k%50)==0) rise++;
  25   2        if(rise==8) rise=0;
  26   2        
  27   2        for(i=0;i<8;i++)
  28   2        {
  29   3        ddisplay(i,s[i]);
  30   3        }
  31   2       
  32   2       
  33   2       }
  34   1      
  35   1      
  36   1      }
  37          
  38          void ddisplay(uint i,uint s)//动态显示dynamic
  39          {
  40   1              P1=po[i];//选位
  41   1              P0=nnum[s];//传数
  42   1              delayus(100);//延时100us
  43   1              P0=0;//消隐
  44   1      }
  45          void delayus(uint tus)
  46          {
  47   1      while(tus--);
  48   1      }
  49          


MODULE INFORMATION:   STATIC OVERLAYABLE
   CODE SIZE        =    172    ----
   CONSTANT SIZE    =     18    ----
   XDATA SIZE       =   ----    ----
C51 COMPILER V9.01   _态2                                                                 02/04/2015 16:14:51 PAGE 2   

   PDATA SIZE       =   ----    ----
   DATA SIZE        =   ----      21
   IDATA SIZE       =   ----    ----
   BIT SIZE         =   ----    ----
END OF MODULE INFORMATION.


C51 COMPILATION COMPLETE.  0 WARNING(S),  0 ERROR(S)
