C51 COMPILER V9.01   DELAY                                                                 05/24/2015 12:34:33 PAGE 1   


C51 COMPILER V9.01, COMPILATION OF MODULE DELAY
OBJECT MODULE PLACED IN .\OBJ\delay.obj
COMPILER INVOKED BY: D:\keil4\0000\C51\BIN\C51.EXE USER\delay.c WARNINGLEVEL(0) REGFILE(.\OBJ\UART.ORC) BROWSE INCDIR(.\
                    -Head_File) DEBUG OBJECTEXTEND PRINT(.\delay.lst) OBJECT(.\OBJ\delay.obj)

line level    source

   1          #include "delay.h"
   2          
   3          
   4          void delay300ms()  
   5          {
   6   1          unsigned char a,b,c;
   7   1          for(c=177;c>0;c--)
   8   1              for(b=240;b>0;b--)
   9   1                  for(a=2;a>0;a--);
  10   1      }
  11          
  12          
  13          void delay10ms() 
  14          {
  15   1          unsigned char a,b,c;
  16   1          for(c=2;c>0;c--)
  17   1              for(b=160;b>0;b--)
  18   1                  for(a=14;a>0;a--);
  19   1      }
  20          
  21          void delay700us()  
  22          {
  23   1          unsigned char a,b;
  24   1          for(b=4;b>0;b--)
  25   1              for(a=85;a>0;a--);
  26   1      }
  27          
  28          void delay100ms()   
  29          {
  30   1          unsigned char a,b,c;
  31   1          for(c=20;c>0;c--)
  32   1              for(b=68;b>0;b--)
  33   1                  for(a=35;a>0;a--);
  34   1      }
  35          
  36          void delay1ms()  
  37          {
  38   1          unsigned char a,b;
  39   1          for(b=198;b>0;b--)
  40   1              for(a=1;a>0;a--);
  41   1      }
  42          
  43          void delay60us()   //Îó²î -0.610284688123us
  44          {
  45   1          unsigned char a;
  46   1          for(a=28;a>0;a--);
  47   1      }


MODULE INFORMATION:   STATIC OVERLAYABLE
   CODE SIZE        =     62    ----
   CONSTANT SIZE    =   ----    ----
   XDATA SIZE       =   ----    ----
   PDATA SIZE       =   ----    ----
C51 COMPILER V9.01   DELAY                                                                 05/24/2015 12:34:33 PAGE 2   

   DATA SIZE        =   ----    ----
   IDATA SIZE       =   ----    ----
   BIT SIZE         =   ----    ----
END OF MODULE INFORMATION.


C51 COMPILATION COMPLETE.  0 WARNING(S),  0 ERROR(S)
