C51 COMPILER V9.54   DELAY                                                                 04/11/2016 09:30:24 PAGE 1   


C51 COMPILER V9.54, COMPILATION OF MODULE DELAY
OBJECT MODULE PLACED IN .\OBJ\delay.obj
COMPILER INVOKED BY: d:\Keil_v5\C51\BIN\C51.EXE USER\delay.c WARNINGLEVEL(0) OPTIMIZE(8,SPEED) REGFILE(.\OBJ\EEPROM.ORC)
                    - BROWSE INCDIR(.\Head_File) DEBUG OBJECTEXTEND PRINT(.\delay.lst) OBJECT(.\OBJ\delay.obj)

line level    source

   1          #include "delay.h"
   2          
   3          
   4          
   5          
   6          


MODULE INFORMATION:   STATIC OVERLAYABLE
   CODE SIZE        =   ----    ----
   CONSTANT SIZE    =   ----    ----
   XDATA SIZE       =   ----    ----
   PDATA SIZE       =   ----    ----
   DATA SIZE        =   ----    ----
   IDATA SIZE       =   ----    ----
   BIT SIZE         =   ----    ----
END OF MODULE INFORMATION.


C51 COMPILATION COMPLETE.  0 WARNING(S),  0 ERROR(S)
