C51 COMPILER V9.54   EEPROM                                                                04/11/2016 09:31:01 PAGE 1   


C51 COMPILER V9.54, COMPILATION OF MODULE EEPROM
OBJECT MODULE PLACED IN .\OBJ\eeprom.obj
COMPILER INVOKED BY: d:\Keil_v5\C51\BIN\C51.EXE USER\eeprom.c WARNINGLEVEL(0) OPTIMIZE(8,SPEED) REGFILE(.\OBJ\EEPROM.ORC
                    -) BROWSE INCDIR(.\Head_File) DEBUG OBJECTEXTEND PRINT(.\eeprom.lst) OBJECT(.\OBJ\eeprom.obj)

line level    source

   1          #include "eeprom.h"
   2          
   3          void EEP_Write(unsigned char addr,unsigned char dat)
   4          {
   5   1              I2C_Start();
   6   1              I2C_SendByte(0xa0, 1);//发送写器件命令，1代表从机需要应答响应
   7   1              I2C_SendByte(addr, 1);//发送要写入内存地址
   8   1              I2C_SendByte(dat, 0);   //发送数据，0代表从机不需要应答响应
   9   1              I2C_Stop();
  10   1              delay10ms();
  11   1      }
  12          
  13          unsigned char EEP_Read(unsigned char addr)
  14          {
  15   1              unsigned char num;
  16   1              I2C_Start();
  17   1              I2C_SendByte(0xa0, 1); //发送写器件地址
  18   1              I2C_SendByte(addr, 1); //发送要读取的地址
  19   1              I2C_Start();
  20   1              I2C_SendByte(0xa1, 1); //发送读器件地址
  21   1              num=I2C_ReadByte(); //读取数据
  22   1              I2C_Stop();
  23   1              delay10ms();
  24   1              return num;     
  25   1              
  26   1      }
  27          
  28          void EEP_Wstr(unsigned char addr,unsigned char *str)
  29          {
  30   1              while(*str)
  31   1              {
  32   2              
  33   2                      EEP_Write(addr++,*str);
  34   2                      str++;
  35   2              
  36   2              }
  37   1              
  38   1      
  39   1      }
  40          
  41          void EEP_Rstr(unsigned char addr,unsigned char *str)
  42          {
  43   1      
  44   1              while(*str)
  45   1              {
  46   2                      
  47   2                      *str=EEP_Read(addr++);
  48   2                       str++;
  49   2              }
  50   1              
  51   1              
  52   1              
  53   1      }
  54          
C51 COMPILER V9.54   EEPROM                                                                04/11/2016 09:31:01 PAGE 2   



MODULE INFORMATION:   STATIC OVERLAYABLE
   CODE SIZE        =    168    ----
   CONSTANT SIZE    =   ----    ----
   XDATA SIZE       =   ----    ----
   PDATA SIZE       =   ----    ----
   DATA SIZE        =   ----      10
   IDATA SIZE       =   ----    ----
   BIT SIZE         =   ----    ----
END OF MODULE INFORMATION.


C51 COMPILATION COMPLETE.  0 WARNING(S),  0 ERROR(S)
