C51 COMPILER V9.54   LCD                                                                   04/11/2016 09:31:00 PAGE 1   


C51 COMPILER V9.54, COMPILATION OF MODULE LCD
OBJECT MODULE PLACED IN .\OBJ\lcd.obj
COMPILER INVOKED BY: d:\Keil_v5\C51\BIN\C51.EXE USER\lcd.c WARNINGLEVEL(0) OPTIMIZE(8,SPEED) REGFILE(.\OBJ\EEPROM.ORC) B
                    -ROWSE INCDIR(.\Head_File) DEBUG OBJECTEXTEND PRINT(.\lcd.lst) OBJECT(.\OBJ\lcd.obj)

line level    source

   1          #include "lcd.h"
   2          
   3          
   4          
   5          void lcd_init()
   6          {
   7   1        lcd_wdir(0x38);//显示模式
   8   1        lcd_wdir(0x0c);//显示开关及光标
   9   1        lcd_wdir(0x01);//清屏
  10   1        lcd_wdir(0x06);//光标屏幕是否移动
  11   1        lcd_wdir(0x80);//初始光标化位置
  12   1      }
  13          
  14          void lcd_custom(uchar num,uchar *word)//显示自定义字   word为第num个字
  15          {
  16   1         uchar i,temp;
  17   1         num=num*8;
  18   1         for(i=0;i<8;i++)
  19   1         {
  20   2         temp=0x40+i+num;
  21   2         lcd_wdir(temp);
  22   2         lcd_wdat(word[i]);
  23   2               
  24   2         }
  25   1      }
  26          
  27          void lcd_wdat(uchar dat)//写数据
  28          {
  29   1        en=0;
  30   1        rw=0;
  31   1        rs=1;
  32   1        P0=dat;
  33   1        en=1;
  34   1        delay10ms();
  35   1        en=0;
  36   1        
  37   1      }
  38          
  39          void lcd_wdir(uchar dir)//写命令
  40          {
  41   1        en=0;
  42   1        rw=0;
  43   1        rs=0;
  44   1        P0=dir;
  45   1        en=1;
  46   1        delay10ms();
  47   1        en=0;
  48   1        
  49   1      }
  50          
  51          void lcd_posi(uchar line,uchar x)//选坐标
  52          { 
  53   1        x--;
  54   1        if(line==1) lcd_wdir(0x80+x);
C51 COMPILER V9.54   LCD                                                                   04/11/2016 09:31:00 PAGE 2   

  55   1        if(line==2) lcd_wdir(0xc0+x);
  56   1        
  57   1      }
  58          
  59          void lcd_str(unsigned char *ch)
  60          {
  61   1      while(*ch)       lcd_wdat(*(ch++));
  62   1      }
  63          


MODULE INFORMATION:   STATIC OVERLAYABLE
   CODE SIZE        =    187    ----
   CONSTANT SIZE    =   ----    ----
   XDATA SIZE       =   ----    ----
   PDATA SIZE       =   ----    ----
   DATA SIZE        =   ----      11
   IDATA SIZE       =   ----    ----
   BIT SIZE         =   ----    ----
END OF MODULE INFORMATION.


C51 COMPILATION COMPLETE.  0 WARNING(S),  0 ERROR(S)
