C51 COMPILER V9.01   ≤_ ‘                                                                  01/29/2015 03:50:04 PAGE 1   


C51 COMPILER V9.01, COMPILATION OF MODULE ≤_ ‘
OBJECT MODULE PLACED IN ≤‚ ‘.OBJ
COMPILER INVOKED BY: D:\keil4\0000\C51\BIN\C51.EXE ≤‚ ‘.c BROWSE DEBUG OBJECTEXTEND

line level    source

   1          #include<reg51.h>
   2          unsigned char code num[10]={0x3f,0x06,0x5b,0x4f,0x66,0x6d,0x7d,0x07,0x7f,0x6f};
   3          unsigned char code np[8]={0x00,0x20,0x40,0x60,0x80,0xa0,0xc0,0xe0};
   4          void main()
   5          {
   6   1      unsigned int i;
   7   1      int sj=0;
   8   1      int jj=0;
   9   1      int k;
  10   1      
  11   1      while(1)
  12   1      {   
  13   2              jj++; 
  14   2              if(jj>=600)
  15   2               sj++;
  16   2               if(sj==10) sj=0;
  17   2          for(i=0;i<8;i++)//œ‘ ˝—≠ª∑
  18   2          {
  19   3              P1=np[i];
  20   3              if(i==2)
  21   3          P0=num[sj];
  22   3              if(sj>3) 
  23   3              sj=sj+1;
  24   3              if(i==6)
  25   3              P0=num[6];
  26   3              k=100;
  27   3              while(k--);
  28   3              P0=0x00;
  29   3              }
  30   2      }
  31   1      }


MODULE INFORMATION:   STATIC OVERLAYABLE
   CODE SIZE        =    131    ----
   CONSTANT SIZE    =     18    ----
   XDATA SIZE       =   ----    ----
   PDATA SIZE       =   ----    ----
   DATA SIZE        =   ----       2
   IDATA SIZE       =   ----    ----
   BIT SIZE         =   ----    ----
END OF MODULE INFORMATION.


C51 COMPILATION COMPLETE.  0 WARNING(S),  0 ERROR(S)
