C51 COMPILER V9.01   DELAY                                                                 03/27/2015 20:47:54 PAGE 1   


C51 COMPILER V9.01, COMPILATION OF MODULE DELAY
OBJECT MODULE PLACED IN delay.OBJ
COMPILER INVOKED BY: D:\keil4\0000\C51\BIN\C51.EXE delay.c BROWSE DEBUG OBJECTEXTEND

line level    source

   1          //ÑÓÊ±
   2          
   3          
   4          
   5          void delay3ms()
   6          {
   7   1          unsigned char a,b,c;
   8   1          for(c=1;c>0;c--)
   9   1              for(b=175;b>0;b--)
  10   1                  for(a=7;a>0;a--);
  11   1      }
  12          
  13          void delay200ms()  
  14          {
  15   1          unsigned char a,b,c;
  16   1          for(c=243;c>0;c--)
  17   1              for(b=163;b>0;b--)
  18   1                  for(a=1;a>0;a--);
  19   1      }
  20          
  21          
  22          
  23          
  24          
  25          
  26          void delay10ms() 
  27          {
  28   1          unsigned char a,b,c;
  29   1          for(c=2;c>0;c--)
  30   1              for(b=160;b>0;b--)
  31   1                  for(a=14;a>0;a--);
  32   1      }
  33          
  34          void delay700us()  
  35          {
  36   1          unsigned char a,b;
  37   1          for(b=4;b>0;b--)
  38   1              for(a=85;a>0;a--);
  39   1      }


MODULE INFORMATION:   STATIC OVERLAYABLE
   CODE SIZE        =     48    ----
   CONSTANT SIZE    =   ----    ----
   XDATA SIZE       =   ----    ----
   PDATA SIZE       =   ----    ----
   DATA SIZE        =   ----    ----
   IDATA SIZE       =   ----    ----
   BIT SIZE         =   ----    ----
END OF MODULE INFORMATION.


C51 COMPILATION COMPLETE.  0 WARNING(S),  0 ERROR(S)
