C51 COMPILER V9.01   INF_FUNCTION                                                          03/29/2015 11:22:51 PAGE 1   


C51 COMPILER V9.01, COMPILATION OF MODULE INF_FUNCTION
OBJECT MODULE PLACED IN inf_function.OBJ
COMPILER INVOKED BY: D:\keil4\0000\C51\BIN\C51.EXE inf_function.c LARGE BROWSE DEBUG OBJECTEXTEND

line level    source

   1          //红外线控制
   2          
   3          
   4          uchar inf_sw=1; 
*** ERROR C129 IN LINE 4 OF INF_FUNCTION.C: missing ';' before 'inf_sw'
   5          uchar inf_t=1;
   6          uchar inf_dat[4]={0};
   7          uchar inf_sure=0;
   8           
   9          
  10          
  11          void inf_switch()
  12          {
  13              
  14             if(inf_sure==0xa2&&inf_t>1)//防止多次重写，每两次屏蔽一次
  15             {
  16             if(inf_sw==0) inf_sw=2;
  17             if(inf_sw==1) inf_sw=0;
  18             inf_t=0;
  19             }
  20             inf_t++;
  21             if(inf_sw==0) {wdir(0x08);}
  22             if(inf_sw==2){ wdir(0x0c); inf_sw=1;}
  23             delay500ms();
  24          }
  25          
  26          void inf_mode()
  27          {
  28              
  29             if(inf_sure==0x62&&inf_t>1)//防止多次重写，每两次屏蔽一次
  30             {
  31             if(inf_sw==0) inf_sw=2;
  32             if(inf_sw==1) inf_sw=0;
  33             inf_t=0;
  34             }
  35             inf_t++;
  36             if(inf_sw==0) {;}
  37             if(inf_sw==2){;inf_sw=1;}
  38             delay500ms();
  39          }
  40          
  41          void inf_voice()
  42          {
  43              
  44             if(inf_sure==0xe2&&inf_t>1)//防止多次重写，每两次屏蔽一次
  45             {
  46             if(inf_sw==0) inf_sw=2;
  47             if(inf_sw==1) inf_sw=0;
  48             inf_t=0;
  49             }
  50             inf_t++;
  51             if(inf_sw==0) {;}
  52             if(inf_sw==2){ ;inf_sw=1;}
  53             delay500ms();
  54          }
C51 COMPILER V9.01   INF_FUNCTION                                                          03/29/2015 11:22:51 PAGE 2   

  55          
  56          void inf_start()
  57          {
  58              
  59             if(inf_sure==0x22&&inf_t>1)//防止多次重写，每两次屏蔽一次
  60             {
  61             if(inf_sw==0) inf_sw=2;
  62             if(inf_sw==1) inf_sw=0;
  63             inf_t=0;
  64             }
  65             inf_t++;
  66             if(inf_sw==0) {;}
  67             if(inf_sw==2){ ;inf_sw=1;}
  68             delay500ms();
  69          }
  70          
  71          
  72          void inf_left()
  73          {
  74              
  75             if(inf_sure==0x02&&inf_t>1)//防止多次重写，每两次屏蔽一次
  76             {
  77             if(inf_sw==0) inf_sw=2;
  78             if(inf_sw==1) inf_sw=0;
  79             inf_t=0;
  80             }
  81             inf_t++;
  82             if(inf_sw==0) {;}
  83             if(inf_sw==2){ ;inf_sw=1;}
  84             delay500ms();
  85          }
  86          
  87          void inf_right()
  88          {
  89              
  90             if(inf_sure==0x52&&inf_t>1)//防止多次重写，每两次屏蔽一次
  91             {
  92             if(inf_sw==0) inf_sw=2;
  93             if(inf_sw==1) inf_sw=0;
  94             inf_t=0;
  95             }
  96             inf_t++;
  97             if(inf_sw==0) {;}
  98             if(inf_sw==2){ ;inf_sw=1;}
  99             delay500ms();
 100          }
 101          
 102          
 103          void inf_eq()
 104          {
 105              
 106             if(inf_sure==0xd0&&inf_t>1)//防止多次重写，每两次屏蔽一次
 107             {
 108             if(inf_sw==0) inf_sw=2;
 109             if(inf_sw==1) inf_sw=0;
 110             inf_t=0;
 111             }
 112             inf_t++;
 113             if(inf_sw==0) {;}
 114             if(inf_sw==2){ ;inf_sw=1;}
 115             delay500ms();
 116          }
C51 COMPILER V9.01   INF_FUNCTION                                                          03/29/2015 11:22:51 PAGE 3   

 117          
 118          void inf_vol0()
 119          {
 120              
 121             if(inf_sure==0xa8&&inf_t>1)//防止多次重写，每两次屏蔽一次
 122             {
 123             if(inf_sw==0) inf_sw=2;
 124             if(inf_sw==1) inf_sw=0;
 125             inf_t=0;
 126             }
 127             inf_t++;
 128             if(inf_sw==0) {;}
 129             if(inf_sw==2){ ;inf_sw=1;}
 130             delay500ms();
 131          }
 132          
 133          void inf_vol1()
 134          {
 135              
 136             if(inf_sure==0x90&&inf_t>1)//防止多次重写，每两次屏蔽一次
 137             {
 138             if(inf_sw==0) inf_sw=2;
 139             if(inf_sw==1) inf_sw=0;
 140             inf_t=0;
 141             }
 142             inf_t++;
 143             if(inf_sw==0) {;}
 144             if(inf_sw==2){ ;inf_sw=1;}
 145             delay500ms();
 146          }
 147          
 148          
 149          void inf_0()
 150          {
 151              
 152             if(inf_sure==0x68&&inf_t>1)//防止多次重写，每两次屏蔽一次
 153             {
 154             if(inf_sw==0) inf_sw=2;
 155             if(inf_sw==1) inf_sw=0;
 156             inf_t=0;
 157             }
 158             inf_t++;
 159             if(inf_sw==0) {;}
 160             if(inf_sw==2){ ;inf_sw=1;}
 161             delay500ms();
 162          }
 163          
 164          
 165          void inf_rpt()
 166          {
 167              
 168             if(inf_sure==0x98&&inf_t>1)//防止多次重写，每两次屏蔽一次
 169             {
 170             if(inf_sw==0) inf_sw=2;
 171             if(inf_sw==1) inf_sw=0;
 172             inf_t=0;
 173             }
 174             inf_t++;
 175             if(inf_sw==0) {;}
 176             if(inf_sw==2){ ;inf_sw=1;}
 177             delay500ms();
 178          }
C51 COMPILER V9.01   INF_FUNCTION                                                          03/29/2015 11:22:51 PAGE 4   

 179          
 180          void inf_usd()
 181          {
 182              
 183             if(inf_sure==0xb0&&inf_t>1)//防止多次重写，每两次屏蔽一次
 184             {
 185             if(inf_sw==0) inf_sw=2;
 186             if(inf_sw==1) inf_sw=0;
 187             inf_t=0;
 188             }
 189             inf_t++;
 190             if(inf_sw==0) {;}
 191             if(inf_sw==2){ ;inf_sw=1;}
 192             delay500ms();
 193          }
 194          
 195          void inf_1()
 196          {
 197              
 198             if(inf_sure==0x30&&inf_t>1)//防止多次重写，每两次屏蔽一次
 199             {
 200             if(inf_sw==0) inf_sw=2;
 201             if(inf_sw==1) inf_sw=0;
 202             inf_t=0;
 203             }
 204             inf_t++;
 205             if(inf_sw==0) {;}
 206             if(inf_sw==2){ ;inf_sw=1;}
 207             delay500ms();
 208          }
 209          
 210          void inf_2()
 211          {
 212              
 213             if(inf_sure==0x18&&inf_t>1)//防止多次重写，每两次屏蔽一次
 214             {
 215             if(inf_sw==0) inf_sw=2;
 216             if(inf_sw==1) inf_sw=0;
 217             inf_t=0;
 218             }
 219             inf_t++;
 220             if(inf_sw==0) {;}
 221             if(inf_sw==2){ ;inf_sw=1;}
 222             delay500ms();
 223          }
 224          
 225          void inf_3()
 226          {
 227              
 228             if(inf_sure==0x7a&&inf_t>1)//防止多次重写，每两次屏蔽一次
 229             {
 230             if(inf_sw==0) inf_sw=2;
 231             if(inf_sw==1) inf_sw=0;
 232             inf_t=0;
 233             }
 234             inf_t++;
 235             if(inf_sw==0) {;}
 236             if(inf_sw==2){ ;inf_sw=1;}
 237             delay500ms();
 238          }
 239          
 240          void inf_4()
C51 COMPILER V9.01   INF_FUNCTION                                                          03/29/2015 11:22:51 PAGE 5   

 241          {
 242              
 243             if(inf_sure==0x10&&inf_t>1)//防止多次重写，每两次屏蔽一次
 244             {
 245             if(inf_sw==0) inf_sw=2;
 246             if(inf_sw==1) inf_sw=0;
 247             inf_t=0;
 248             }
 249             inf_t++;
 250             if(inf_sw==0) {;}
 251             if(inf_sw==2){ ;inf_sw=1;}
 252             delay500ms();
 253          }
 254          
 255          void inf_5()
 256          {
 257              
 258             if(inf_sure==0x38&&inf_t>1)//防止多次重写，每两次屏蔽一次
 259             {
 260             if(inf_sw==0) inf_sw=2;
 261             if(inf_sw==1) inf_sw=0;
 262             inf_t=0;
 263             }
 264             inf_t++;
 265             if(inf_sw==0) {;}
 266             if(inf_sw==2){ ;inf_sw=1;}
 267             delay500ms();
 268          }
 269          
 270          void inf_6()
 271          {
 272              
 273             if(inf_sure==0x5a&&inf_t>1)//防止多次重写，每两次屏蔽一次
 274             {
 275             if(inf_sw==0) inf_sw=2;
 276             if(inf_sw==1) inf_sw=0;
 277             inf_t=0;
 278             }
 279             inf_t++;
 280             if(inf_sw==0) {;}
 281             if(inf_sw==2){ ;inf_sw=1;}
 282             delay500ms();
 283          }
 284          
 285          void inf_7()
 286          {
 287              
 288             if(inf_sure==0x42&&inf_t>1)//防止多次重写，每两次屏蔽一次
 289             {
 290             if(inf_sw==0) inf_sw=2;
 291             if(inf_sw==1) inf_sw=0;
 292             inf_t=0;
 293             }
 294             inf_t++;
 295             if(inf_sw==0) {;}
 296             if(inf_sw==2){ ;inf_sw=1;}
 297             delay500ms();
 298          }
 299          
 300          void inf_8()
 301          {
 302              
C51 COMPILER V9.01   INF_FUNCTION                                                          03/29/2015 11:22:51 PAGE 6   

 303             if(inf_sure==0x4a&&inf_t>1)//防止多次重写，每两次屏蔽一次
 304             {
 305             if(inf_sw==0) inf_sw=2;
 306             if(inf_sw==1) inf_sw=0;
 307             inf_t=0;
 308             }
 309             inf_t++;
 310             if(inf_sw==0) {;}
 311             if(inf_sw==2){ ;inf_sw=1;}
 312             delay500ms();
 313          }
 314          
 315          void inf_9()
 316          {
 317              
 318             if(inf_sure==0x52&&inf_t>1)//防止多次重写，每两次屏蔽一次
 319             {
 320             if(inf_sw==0) inf_sw=2;
 321             if(inf_sw==1) inf_sw=0;
 322             inf_t=0;
 323             }
 324             inf_t++;
 325             if(inf_sw==0) {;}
 326             if(inf_sw==2){ ;inf_sw=1;}
 327             delay500ms();
 328          }
 329          

C51 COMPILATION COMPLETE.  0 WARNING(S),  1 ERROR(S)
