C51 COMPILER V9.01   INFRARED                                                              03/27/2015 20:47:54 PAGE 1   


C51 COMPILER V9.01, COMPILATION OF MODULE INFRARED
OBJECT MODULE PLACED IN infrared.OBJ
COMPILER INVOKED BY: D:\keil4\0000\C51\BIN\C51.EXE infrared.c BROWSE DEBUG OBJECTEXTEND

line level    source

   1          //红外
   2          
   3          
   4          
   5          sbit inf=P3^2; 
*** ERROR C202 IN LINE 5 OF INFRARED.C: 'P3': undefined identifier
   6          //uchar sure=0;
   7          uchar inf_dat[4]={0};
*** ERROR C129 IN LINE 7 OF INFRARED.C: missing ';' before 'inf_dat'
   8          uchar inf_sure=0;
   9          //uchar ero[3]={0};
  10          
  11          void inter_init();
  12          
  13          
  14          
  15          
  16          
  17          
  18          void inter_init()
  19          {
  20           EX0=1;
  21           IT0=1;
  22           EA=1;
  23           inf=1;
  24            
  25          }
  26          
  27          void infrared() interrupt 0
  28          { 
  29           uchar i,n=0;
  30            uint a,temp,tag;
  31             delay3ms();
  32             
  33             if(inf==0)
  34             {
  35             
  36             
  37                    a=0;
  38             while(inf==0&&a<1000){a++;}//等待9ms过去
  39                
  40                    a=0;
  41                while(inf==1&&a<500){a++;}//等待4.5ms的高电平过去
  42                    //ero[0]=1;//用来调试找错
  43                    for(n=0;n<4;n++)
  44                    {    
  45                       for(i=0;i<8;i++)
  46                          {
  47                            a=0;
  48                            if(inf==1) return;//防止外部因素，使程序乱码
  49                           while(inf==0&&a<50){a++;}
  50                        tag=0;
  51                        //ero[1]=a;//用来调试找错
  52                           // if(a==0) return;//防止外部因素，使程序乱码
  53                       
C51 COMPILER V9.01   INFRARED                                                              03/27/2015 20:47:54 PAGE 2   

  54                        delay700us();//延迟至1.125mm后面，判断真值
  55                            temp<<=1;
  56                            if(inf==1) 
  57                            {
  58                            a=0;
  59                            while(inf==1&&a<200){a++;}//与0值同步至低电平
  60                             tag=1;
  61                            }
  62                          
  63                          temp=temp|tag;//赋值
  64                          }
  65                                  inf_dat[n]=temp;
  66                  }
  67                          //ero[2]=1;
  68                          
  69            }
  70             
  71            //sure=0;
  72            if(inf_dat[2]==~inf_dat[3])
  73            { //sure=1;
  74             inf_sure=inf_dat[2];
  75            }
  76          }
  77          
  78          
  79          
  80          

C51 COMPILATION COMPLETE.  0 WARNING(S),  2 ERROR(S)
