C51 COMPILER V9.54   DELAY                                                                 04/11/2016 08:48:51 PAGE 1   


C51 COMPILER V9.54, COMPILATION OF MODULE DELAY
OBJECT MODULE PLACED IN .\OBJ\delay.obj
COMPILER INVOKED BY: d:\Keil_v5\C51\BIN\C51.EXE USER\delay.c WARNINGLEVEL(0) OPTIMIZE(8,SPEED) REGFILE(.\OBJ\EEPROM.ORC)
                    - BROWSE INCDIR(.\Head_File) DEBUG OBJECTEXTEND PRINT(.\delay.lst) OBJECT(.\OBJ\delay.obj)

line level    source

   1          #include "delay.h"
   2          
   3          
   4          
   5          //LCDÑÓÊ±ËùÓÃ
   6          void delay10ms() 
   7          {
   8   1          unsigned char a,b,c;
   9   1          for(c=2;c>0;c--)
  10   1              for(b=160;b>0;b--)
  11   1                  for(a=14;a>0;a--);
  12   1      }
  13          
  14          
  15          
  16          


MODULE INFORMATION:   STATIC OVERLAYABLE
   CODE SIZE        =     13    ----
   CONSTANT SIZE    =   ----    ----
   XDATA SIZE       =   ----    ----
   PDATA SIZE       =   ----    ----
   DATA SIZE        =   ----    ----
   IDATA SIZE       =   ----    ----
   BIT SIZE         =   ----    ----
END OF MODULE INFORMATION.


C51 COMPILATION COMPLETE.  0 WARNING(S),  0 ERROR(S)
