C51 COMPILER V9.54   EEPROM                                                                04/11/2016 08:48:52 PAGE 1   


C51 COMPILER V9.54, COMPILATION OF MODULE EEPROM
OBJECT MODULE PLACED IN .\OBJ\eeprom.obj
COMPILER INVOKED BY: d:\Keil_v5\C51\BIN\C51.EXE USER\eeprom.c WARNINGLEVEL(0) OPTIMIZE(8,SPEED) REGFILE(.\OBJ\EEPROM.ORC
                    -) BROWSE INCDIR(.\Head_File) DEBUG OBJECTEXTEND PRINT(.\eeprom.lst) OBJECT(.\OBJ\eeprom.obj)

line level    source

   1          #include "eeprom.h"
   2          
   3          void Delay10ms(unsigned int c)   //误差 0us
   4          {
   5   1          unsigned char a, b;
   6   1      
   7   1              //--c已经在传递过来的时候已经赋值了，所以在for语句第一句就不用赋值了--//
   8   1          for (;c>0;c--)
   9   1              {
  10   2                      for (b=38;b>0;b--)
  11   2                      {
  12   3                              for (a=130;a>0;a--);
  13   3                      }          
  14   2              }       
  15   1      }
  16          
  17          
  18          void EEP_Write(unsigned char addr,unsigned char dat)
  19          {
  20   1              I2C_Start();
  21   1              I2C_SendByte(0xa0, 1);//发送写器件命令，1代表从机需要应答响应
  22   1              I2C_SendByte(addr, 1);//发送要写入内存地址
  23   1              I2C_SendByte(dat, 0);   //发送数据，0代表从机不需要应答响应
  24   1              I2C_Stop();
  25   1              delay10ms();
  26   1      }
  27          
  28          unsigned char EEP_Read(unsigned char addr)
  29          {
  30   1              unsigned char num;
  31   1              I2C_Start();
  32   1              I2C_SendByte(0xa0, 1); //发送写器件地址
  33   1              I2C_SendByte(addr, 1); //发送要读取的地址
  34   1              I2C_Start();
  35   1              I2C_SendByte(0xa1, 1); //发送读器件地址
  36   1              num=I2C_ReadByte(); //读取数据
  37   1              I2C_Stop();
  38   1              delay10ms();
  39   1              return num;     
  40   1              
  41   1      }
  42          
  43          void EEP_Wstr(unsigned char addr,unsigned char *str)
  44          {
  45   1              while(*str)
  46   1              {
  47   2              
  48   2              EEP_Write(addr++,*str);
  49   2              str++;
  50   2              
  51   2              }
  52   1              
  53   1      
  54   1      }
C51 COMPILER V9.54   EEPROM                                                                04/11/2016 08:48:52 PAGE 2   

  55          
  56          void EEP_Rstr(unsigned char addr,unsigned char *str)
  57          {
  58   1      
  59   1              while(*str)
  60   1              {
  61   2              
  62   2              *str=EEP_Read(addr++);
  63   2               str++;
  64   2              }
  65   1              
  66   1              
  67   1              
  68   1      }
  69          


MODULE INFORMATION:   STATIC OVERLAYABLE
   CODE SIZE        =    193    ----
   CONSTANT SIZE    =   ----    ----
   XDATA SIZE       =   ----    ----
   PDATA SIZE       =   ----    ----
   DATA SIZE        =   ----       9
   IDATA SIZE       =   ----    ----
   BIT SIZE         =   ----    ----
END OF MODULE INFORMATION.


C51 COMPILATION COMPLETE.  0 WARNING(S),  0 ERROR(S)
