C51 COMPILER V9.54   MAIN                                                                  04/11/2016 08:48:51 PAGE 1   


C51 COMPILER V9.54, COMPILATION OF MODULE MAIN
OBJECT MODULE PLACED IN .\OBJ\main.obj
COMPILER INVOKED BY: d:\Keil_v5\C51\BIN\C51.EXE USER\main.c WARNINGLEVEL(0) OPTIMIZE(8,SPEED) REGFILE(.\OBJ\EEPROM.ORC) 
                    -BROWSE INCDIR(.\Head_File) DEBUG OBJECTEXTEND PRINT(.\main.lst) OBJECT(.\OBJ\main.obj)

line level    source

   1          #include "main.h"
   2          //全局变量区
   3          extern unsigned char receiveData;//usart received datas
   4          
   5          
   6          
   7          
   8          
   9          //主函数区
  10          int main()
  11          {
  12   1              unsigned char *str="Ha ha ha ha";
  13   1              lcd_init();
  14   1              
  15   1              lcd_posi(1,1);
  16   1              lcd_str("Loading...");
  17   1              while(1)
  18   1              {
  19   2                EEP_Wstr(0x00,str);
  20   2                EEP_Rstr(0x00,str);
  21   2                
  22   2              lcd_posi(2,1);
  23   2              lcd_str(str);
  24   2              
  25   2              lcd_posi(1,1);
  26   2              lcd_str("JUST OK!!!");
  27   2              
  28   2              
  29   2              }
  30   1      }
  31          
  32          
  33          


MODULE INFORMATION:   STATIC OVERLAYABLE
   CODE SIZE        =     84    ----
   CONSTANT SIZE    =     34    ----
   XDATA SIZE       =   ----    ----
   PDATA SIZE       =   ----    ----
   DATA SIZE        =   ----       3
   IDATA SIZE       =   ----    ----
   BIT SIZE         =   ----    ----
END OF MODULE INFORMATION.


C51 COMPILATION COMPLETE.  0 WARNING(S),  0 ERROR(S)
