C51 COMPILER V9.01   UART                                                                  05/26/2015 13:16:18 PAGE 1   


C51 COMPILER V9.01, COMPILATION OF MODULE UART
OBJECT MODULE PLACED IN .\OBJ\uart.obj
COMPILER INVOKED BY: D:\keil4\0000\C51\BIN\C51.EXE USER\uart.c WARNINGLEVEL(0) REGFILE(.\OBJ\UART.ORC) BROWSE INCDIR(.\H
                    -ead_File) DEBUG OBJECTEXTEND PRINT(.\uart.lst) OBJECT(.\OBJ\uart.obj)

line level    source

   1          #include "uart.h"
   2          
   3           
   4                   
   5          unsigned char receiveData;
   6                   
   7          void Usart_init()
   8          {
   9   1              SCON=0X50;                      //设置为工作方式1
  10   1              TMOD=0X20;                      //设置计数器工作方式2
  11   1              PCON=0X80;                      //波特率加倍
  12   1              TH1=0xF3;                               //计数器初始值设置，注意波特率是4800的
  13   1              TL1=0XF3;
  14   1              ES=1;                                           //打开接收中断
  15   1              EA=1;                                           //打开总中断
  16   1              TR1=1;                                  //打开计数器
  17   1         
  18   1      }
  19          
  20          
  21          void Usart() interrupt 4
  22          {
  23   1         
  24   1              receiveData=SBUF;//出去接收到的数据
  25   1              RI = 0;//清除接收中断标志位
  26   1              SBUF=receiveData;//将接收到的数据放入到发送寄存器
  27   1          while(!TI);                  //等待发送数据完成
  28   1              TI=0;            //清除发送完成标志位
  29   1          
  30   1      }
  31          
  32          
  33          
  34          


MODULE INFORMATION:   STATIC OVERLAYABLE
   CODE SIZE        =     36    ----
   CONSTANT SIZE    =   ----    ----
   XDATA SIZE       =   ----    ----
   PDATA SIZE       =   ----    ----
   DATA SIZE        =      1    ----
   IDATA SIZE       =   ----    ----
   BIT SIZE         =   ----    ----
END OF MODULE INFORMATION.


C51 COMPILATION COMPLETE.  0 WARNING(S),  0 ERROR(S)
