C51 COMPILER V9.01   纵向滑_                                                              03/20/2015 15:03:43 PAGE 1   


C51 COMPILER V9.01, COMPILATION OF MODULE 纵向滑_
OBJECT MODULE PLACED IN 纵向滑动.OBJ
COMPILER INVOKED BY: D:\keil4\0000\C51\BIN\C51.EXE 纵向滑动.c LARGE BROWSE DEBUG OBJECTEXTEND

line level    source

   1          #include<reg51.h>
   2          #define uint unsigned int
   3          #define uchar unsigned char
   4          
   5          
   6          unsigned char code kong0[32]={0};//首尾相同，以达到连续滑动的效果
   7          
   8          unsigned char code xie[32]={0x01,0x08,0x42,0x08,0x27,0x88,0x24,0x88,0x07,0xBE,0x04,0x88,0xE7,0x88,0x24,0xC
             -8,
   9          0x24,0xA8,0x2F,0xA8,0x21,0x88,0x2A,0x88,0x34,0x88,0x28,0x88,0x02,0xA8,0x01,0x10};
  10          
  11          unsigned char code yu[32]={0x00,0x00,0x7F,0xFC,0x01,0x00,0x01,0x00,0x01,0x00,0x01,0x00,0x01,0x00,0x3F,0xF8
             -,
  12          0x01,0x00,0x01,0x00,0x01,0x20,0x01,0x10,0x01,0x10,0x01,0x00,0xFF,0xFE,0x00,0x00};
  13                          
  14          unsigned char code shen[32]={0x08,0x40,0x08,0x40,0x08,0x40,0x17,0xFC,0x14,0x44,0x34,0x44,0x34,0x44,0x57,0x
             -FC,
  15          0x94,0x44,0x14,0x44,0x14,0x44,0x17,0xFC,0x14,0x44,0x10,0x40,0x10,0x40,0x10,0x40};                               
  16                                                                          
  17          unsigned char code kong1[32]={0};
  18          
  19          unsigned char code hang[16][2]={{0x80,0x00},{0x40,0x00},{0x20,0x00},{0x10,0x00},{0x08,0x00},{0x04,0x00},{0
             -x02,0x00},{0x01,0x00},
  20                                                                     {0x00,0x80},{0x00,0x40},{0x00,0x20},{0x00,0x10},{0x00,0x08},{0x00,0x04},{0x00,0x02},{0x00,0x01}}
             -;
  21                                                                   //{高位(上面的),低位(下面的)}
  22          
  23          unsigned char code *st[]={xie,yu,shen};
  24          
  25          
  26          
  27          sbit sck=P3^6;
  28          sbit lck=P3^5;
  29          sbit sdi=P3^4;
  30          
  31          
  32          void send(int dat0,int dat1,int dat2,int dat3);
  33          void upch();
  34          void downch();
  35                                            
  36          void main()
  37          {
  38   1      
  39   1          
  40   1           while(1)
  41   1           {
  42   2               
  43   2           upch();
  44   2               downch();
  45   2              
  46   2              
  47   2          }
  48   1      }
  49          
  50          
C51 COMPILER V9.01   纵向滑_                                                              03/20/2015 15:03:43 PAGE 2   

  51          
  52          void upch()
  53          {
  54   1      
  55   1          char i,k,n,w=0;
  56   1       while(w<=1)//会从第二个字加到第三个字
  57   1       {
  58   2         
  59   2              for(k=0;k<16;k++)//移屏
  60   2              {
  61   3              n=3;
  62   3               if(k==15&&w==1) n=10;
  63   3                
  64   3                while(n--)//反复 刷几次，就可以减慢速度
  65   3                {
  66   4                 
  67   4             for(i=0;i<16;i++)//刷屏
  68   4                 {
  69   5                  send(~st[w][(i+k)*2+1],~st[w][(i+k)*2],hang[i][1],hang[i][0]);
  70   5                 }
  71   4                }
  72   3              } 
  73   2               w++;
  74   2       }
  75   1      }
  76          
  77          
  78          void downch()
  79          {
  80   1      
  81   1         char i,k,n,w=1;
  82   1        while(w>=0)//会从第二个字加到第三个字
  83   1        {
  84   2              for(k=15;k>=0;k--)//移屏
  85   2              {
  86   3                n=3;
  87   3                if(k==0&&w==0) n=10;
  88   3                
  89   3                while(n--)//反复 刷几次，就可以减慢速度
  90   3                {
  91   4             for(i=0;i<16;i++)//刷屏
  92   4                 {
  93   5                  send(~st[w][(i+k)*2+1],~st[w][(i+k)*2],hang[i][1],hang[i][0]);
  94   5                 }
  95   4                }
  96   3              } 
  97   2         w--;
  98   2        }
  99   1      }
 100          
 101          
 102          
 103          void send(int dat0,int dat1,int dat2,int dat3)
 104          {
 105   1      
 106   1        unsigned char i;
 107   1        sck=1;//上升沿 移位
 108   1        lck=1;//上升沿 输出
 109   1        //第一段数据
 110   1        for(i=0;i<8;i++)
 111   1        {
 112   2          sck=0;
C51 COMPILER V9.01   纵向滑_                                                              03/20/2015 15:03:43 PAGE 3   

 113   2              sdi=dat0&0x01;
 114   2              dat0>>=1;
 115   2              
 116   2              sck=1;  
 117   2        
 118   2        }
 119   1       
 120   1        //第二段数据
 121   1        for(i=0;i<8;i++)
 122   1        {
 123   2          sck=0;
 124   2              sdi=dat1&0x01;
 125   2              dat1>>=1;
 126   2               
 127   2              sck=1;  
 128   2      
 129   2        }
 130   1         
 131   1         //第三段数据
 132   1        for(i=0;i<8;i++)
 133   1        { 
 134   2          sck=0;
 135   2          sdi=dat2&0x01;
 136   2              dat2>>=1;
 137   2         
 138   2              sck=1;  
 139   2      
 140   2        }
 141   1           
 142   1         //第四段数据
 143   1        for(i=0;i<8;i++)
 144   1        {
 145   2          sck=0;
 146   2              sdi=dat3&0x01;
 147   2              dat3>>=1;
 148   2              
 149   2              sck=1;  
 150   2        }
 151   1      
 152   1        //并口输出
 153   1         lck=0;
 154   1         lck=1;
 155   1          
 156   1      
 157   1      }
 158          
 159          
 160          
 161          
 162          


MODULE INFORMATION:   STATIC OVERLAYABLE
   CODE SIZE        =    766    ----
   CONSTANT SIZE    =    192    ----
   XDATA SIZE       =      6      16
   PDATA SIZE       =   ----    ----
   DATA SIZE        =   ----    ----
   IDATA SIZE       =   ----    ----
   BIT SIZE         =   ----    ----
END OF MODULE INFORMATION.


C51 COMPILATION COMPLETE.  0 WARNING(S),  0 ERROR(S)
