C51 COMPILER V9.01   µ„¡¡1’µLEDµ∆                                                          09/06/2017 17:05:13 PAGE 1   


C51 COMPILER V9.01, COMPILATION OF MODULE µ„¡¡1’µLEDµ∆
OBJECT MODULE PLACED IN µ„¡¡1’µLEDµ∆.OBJ
COMPILER INVOKED BY: D:\Program Files (x86)\Keil_ARM\C51\BIN\C51.EXE µ„¡¡1’µLEDµ∆.c BROWSE DEBUG OBJECTEXTEND

line level    source

   1          #include<reg51.h> 
   2          void main()
   3          {
   4   1              unsigned char _bit = 1;
   5   1              while(1)
   6   1              { 
   7   2                      _bit <<= 1;
   8   2                      if(_bit == 0) _bit = 1;   
   9   2                      P2 = _bit;       
  10   2              }
  11   1      }
  12          
  13          
  14          
  15          
  16          
  17          


MODULE INFORMATION:   STATIC OVERLAYABLE
   CODE SIZE        =     14    ----
   CONSTANT SIZE    =   ----    ----
   XDATA SIZE       =   ----    ----
   PDATA SIZE       =   ----    ----
   DATA SIZE        =   ----    ----
   IDATA SIZE       =   ----    ----
   BIT SIZE         =   ----    ----
END OF MODULE INFORMATION.


C51 COMPILATION COMPLETE.  0 WARNING(S),  0 ERROR(S)
