C51 COMPILER V9.01   _´¼ü¾ØÕ_                                                              02/06/2015 22:58:20 PAGE 1   


C51 COMPILER V9.01, COMPILATION OF MODULE _´¼ü¾ØÕ_
OBJECT MODULE PLACED IN °´¼ü¾ØÕó.OBJ
COMPILER INVOKED BY: D:\keil4\0000\C51\BIN\C51.EXE °´¼ü¾ØÕó.c BROWSE DEBUG OBJECTEXTEND

line level    source

   1          #include<reg51.h>
   2          #define uint unsigned int 
   3          #define uchar unsigned char 
   4           uchar keyr=0,keyc=0;
   5           unsigned char code pnum[10]={0xc0,0xf9,0xa4,0xb0,0x99,0x92,0x82,0xf8,0x80,0x90};
   6           void key();
   7           void delayus(uint tus);
   8           void main()
   9           {
  10   1        int i;
  11   1        P0=0xc0;
  12   1        while(1)
  13   1        {
  14   2        P2=0xf0;
  15   2        key();
  16   2        i=(keyr+keyc)%10;
  17   2        P0=pnum[i];                           
  18   2        }
  19   1       }
  20           
  21           void key()
  22           { 
  23   1         
  24   1         if(P2!=0Xf0)
  25   1         {
  26   2         //delayus(10000);//10ms
  27   2         if(P2!=0Xf0)
  28   2          {
  29   3              P2=0x0f;//¼ì²éÐÐ
  30   3              if(P2==0x07) keyr=1;
  31   3              if(P2==0X0b) keyr=2;
  32   3              if(P2==0x0d) keyr=3;
  33   3              if(P2==0X0e) keyr=4;
  34   3              P2=0xf0;//¼ì²éÁÐ
  35   3              if(P2==0x70) keyc=1;
  36   3              if(P2==0Xb0) keyc=2;
  37   3              if(P2==0xd0) keyc=3;
  38   3              if(P2==0Xe0) keyc=4;
  39   3              //delayus(500000);
  40   3              }
  41   2         
  42   2         }
  43   1         
  44   1         
  45   1       }
  46           void delayus(uint tus)
  47           {
  48   1       while(tus--);
  49   1       }


MODULE INFORMATION:   STATIC OVERLAYABLE
   CODE SIZE        =    134    ----
   CONSTANT SIZE    =     10    ----
   XDATA SIZE       =   ----    ----
C51 COMPILER V9.01   _´¼ü¾ØÕ_                                                              02/06/2015 22:58:20 PAGE 2   

   PDATA SIZE       =   ----    ----
   DATA SIZE        =      2    ----
   IDATA SIZE       =   ----    ----
   BIT SIZE         =   ----    ----
END OF MODULE INFORMATION.


C51 COMPILATION COMPLETE.  0 WARNING(S),  0 ERROR(S)
