C51 COMPILER V9.01   1                                                                     03/21/2015 22:00:35 PAGE 1   


C51 COMPILER V9.01, COMPILATION OF MODULE 1
OBJECT MODULE PLACED IN 1.OBJ
COMPILER INVOKED BY: D:\keil4\0000\C51\BIN\C51.EXE 1.c BROWSE DEBUG OBJECTEXTEND

line level    source

   1          #include<reg51.h>
   2          #define uint unsigned int 
   3          #define uchar unsigned char
   4          sbit en=P2^7;
   5          sbit rs=P2^6;
   6          sbit rw=P2^5;
   7          void wdir(int dir);
   8          void wdat(int dat);
   9          void posi(int line,int poc);
  10          void delayus(uint tus);
  11          void init();
  12          void incgram(uchar chp,char *cust);
  13          
  14          char bug_head[8]={0x1B,0x0A,0x0E,0x11,0x1B,0x11,0x15,0x0E};
  15          uchar hi[6]="Hello!";
  16          
  17          void main()
  18          {
  19   1       int i;
  20   1         
  21   1        init();
  22   1        for(i=0;i<6;i++)
  23   1        wdat(hi[i]);
  24   1        wdat(0x30);
  25   1        wdat(0x31);
  26   1        incgram(1,bug_head);
  27   1        incgram(2,bug_head);
  28   1        posi(1,5);
  29   1        wdat(1);wdat(2);
  30   1        while(1);
  31   1        
  32   1      }
  33          
  34          void wdir(int dir)//写指令              
  35          {
  36   1       en=0;
  37   1       rw=0;
  38   1       rs=0;
  39   1       P0=dir;
  40   1       en=1;
  41   1       en=0;
  42   1       delayus(100);
  43   1      }
  44          
  45          void wdat(int dat)//写数据
  46          {
  47   1       en=0;
  48   1       rw=0;
  49   1       rs=1;
  50   1       P0=dat;
  51   1       en=1;
  52   1       en=0;
  53   1       delayus(100);
  54   1      }
  55          
C51 COMPILER V9.01   1                                                                     03/21/2015 22:00:35 PAGE 2   

  56          void posi(int line,int poc)//光标位置
  57          {
  58   1       if(line==0)
  59   1       wdir(0x80+poc);
  60   1       if(line==1)
  61   1       wdir(0xc0+poc);
  62   1       
  63   1      }
  64          
  65          void delayus(uint tus)
  66          {
  67   1        while(tus--);
  68   1      }
  69          
  70          void init()//初始化
  71          {
  72   1        wdir(0x01);
  73   1        wdir(0x38);//设置16x2显示，5x7点阵，8位数据接口
  74   1        wdir(0x0f);//开显示，显示光标，光标闪烁
  75   1        wdir(0x06);
  76   1        //清屏
  77   1        posi(0,0);//初始化光标位置
  78   1        delayus(100);
  79   1        
  80   1      }
  81          void incgram(uchar chp,char *cust)//将自定义字符写入CGRAM
  82          {
  83   1       
  84   1       int i,temp;
  85   1       for(i=0;i<8;i++)
  86   1        {
  87   2        
  88   2        temp=0x40+i+8*chp;
  89   2        wdir(temp);//往CGRAM写自定义字符，选择第chp个字的第i行
  90   2        wdat(cust[i]);
  91   2        
  92   2        
  93   2        }
  94   1      }


MODULE INFORMATION:   STATIC OVERLAYABLE
   CODE SIZE        =    322    ----
   CONSTANT SIZE    =   ----    ----
   XDATA SIZE       =   ----    ----
   PDATA SIZE       =   ----    ----
   DATA SIZE        =     14      14
   IDATA SIZE       =   ----    ----
   BIT SIZE         =   ----    ----
END OF MODULE INFORMATION.


C51 COMPILATION COMPLETE.  0 WARNING(S),  0 ERROR(S)
